# JRE version: OpenJDK Runtime Environment (8.0_152-b02) (build 1.8.0_152-release-1024-b02)
# Java VM: OpenJDK 64-Bit Server VM (25.152-b02 mixed mode windows-amd64 compressed oops)
Heap:
 PSYoungGen      total 200192K, used 43393K [0x00000000e0000000, 0x00000000eea80000, 0x0000000100000000)
  eden space 185856K, 15% used [0x00000000e0000000,0x00000000e1c84388,0x00000000eb580000)
  from space 14336K, 99% used [0x00000000edc80000,0x00000000eea5c360,0x00000000eea80000)
  to   space 19968K, 0% used [0x00000000ec380000,0x00000000ec380000,0x00000000ed700000)
 ParOldGen       total 145920K, used 41577K [0x00000000a0000000, 0x00000000a8e80000, 0x00000000e0000000)
  object space 145920K, 28% used [0x00000000a0000000,0x00000000a289a5e8,0x00000000a8e80000)
 Metaspace       used 64659K, capacity 67117K, committed 67416K, reserved 1107968K
  class space    used 8461K, capacity 9026K, committed 9088K, reserved 1048576K
GC Heap History (10 events):
Event: 32.462 GC heap before
{Heap before GC invocations=13 (full 2):
 PSYoungGen      total 123904K, used 123342K [0x00000000e0000000, 0x00000000e8a00000, 0x0000000100000000)
  eden space 110592K, 100% used [0x00000000e0000000,0x00000000e6c00000,0x00000000e6c00000)
  from space 13312K, 95% used [0x00000000e7a80000,0x00000000e86f3aa0,0x00000000e8780000)
  to   space 14848K, 0% used [0x00000000e6c00000,0x00000000e6c00000,0x00000000e7a80000)
 ParOldGen       total 94208K, used 17192K [0x00000000a0000000, 0x00000000a5c00000, 0x00000000e0000000)
  object space 94208K, 18% used [0x00000000a0000000,0x00000000a10ca340,0x00000000a5c00000)
 Metaspace       used 53644K, capacity 55240K, committed 55512K, reserved 1097728K
  class space    used 7151K, capacity 7574K, committed 7680K, reserved 1048576K
Event: 32.538 GC heap after
Heap after GC invocations=13 (full 2):
 PSYoungGen      total 125440K, used 14833K [0x00000000e0000000, 0x00000000eb180000, 0x0000000100000000)
  eden space 110592K, 0% used [0x00000000e0000000,0x00000000e0000000,0x00000000e6c00000)
  from space 14848K, 99% used [0x00000000e6c00000,0x00000000e7a7c5a0,0x00000000e7a80000)
  to   space 17408K, 0% used [0x00000000ea080000,0x00000000ea080000,0x00000000eb180000)
 ParOldGen       total 94208K, used 19608K [0x00000000a0000000, 0x00000000a5c00000, 0x00000000e0000000)
  object space 94208K, 20% used [0x00000000a0000000,0x00000000a1326260,0x00000000a5c00000)
 Metaspace       used 53644K, capacity 55240K, committed 55512K, reserved 1097728K
  class space    used 7151K, capacity 7574K, committed 7680K, reserved 1048576K
}
Event: 37.634 GC heap before
{Heap before GC invocations=14 (full 2):
 PSYoungGen      total 125440K, used 125425K [0x00000000e0000000, 0x00000000eb180000, 0x0000000100000000)
  eden space 110592K, 100% used [0x00000000e0000000,0x00000000e6c00000,0x00000000e6c00000)
  from space 14848K, 99% used [0x00000000e6c00000,0x00000000e7a7c5a0,0x00000000e7a80000)
  to   space 17408K, 0% used [0x00000000ea080000,0x00000000ea080000,0x00000000eb180000)
 ParOldGen       total 94208K, used 19608K [0x00000000a0000000, 0x00000000a5c00000, 0x00000000e0000000)
  object space 94208K, 20% used [0x00000000a0000000,0x00000000a1326260,0x00000000a5c00000)
 Metaspace       used 56251K, capacity 58004K, committed 58200K, reserved 1099776K
  class space    used 7556K, capacity 8010K, committed 8064K, reserved 1048576K
Event: 37.908 GC heap after
Heap after GC invocations=14 (full 2):
 PSYoungGen      total 162816K, used 15010K [0x00000000e0000000, 0x00000000ebd80000, 0x0000000100000000)
  eden space 145408K, 0% used [0x00000000e0000000,0x00000000e0000000,0x00000000e8e00000)
  from space 17408K, 86% used [0x00000000ea080000,0x00000000eaf28ae0,0x00000000eb180000)
  to   space 18944K, 0% used [0x00000000e8e00000,0x00000000e8e00000,0x00000000ea080000)
 ParOldGen       total 94208K, used 29044K [0x00000000a0000000, 0x00000000a5c00000, 0x00000000e0000000)
  object space 94208K, 30% used [0x00000000a0000000,0x00000000a1c5d398,0x00000000a5c00000)
 Metaspace       used 56251K, capacity 58004K, committed 58200K, reserved 1099776K
  class space    used 7556K, capacity 8010K, committed 8064K, reserved 1048576K
}
Event: 39.634 GC heap before
{Heap before GC invocations=15 (full 2):
 PSYoungGen      total 162816K, used 48980K [0x00000000e0000000, 0x00000000ebd80000, 0x0000000100000000)
  eden space 145408K, 23% used [0x00000000e0000000,0x00000000e212c8b0,0x00000000e8e00000)
  from space 17408K, 86% used [0x00000000ea080000,0x00000000eaf28ae0,0x00000000eb180000)
  to   space 18944K, 0% used [0x00000000e8e00000,0x00000000e8e00000,0x00000000ea080000)
 ParOldGen       total 94208K, used 29044K [0x00000000a0000000, 0x00000000a5c00000, 0x00000000e0000000)
  object space 94208K, 30% used [0x00000000a0000000,0x00000000a1c5d398,0x00000000a5c00000)
 Metaspace       used 57154K, capacity 58963K, committed 59028K, reserved 1099776K
  class space    used 7701K, capacity 8127K, committed 8192K, reserved 1048576K
Event: 39.684 GC heap after
Heap after GC invocations=15 (full 2):
 PSYoungGen      total 164352K, used 3953K [0x00000000e0000000, 0x00000000eef00000, 0x0000000100000000)
  eden space 145408K, 0% used [0x00000000e0000000,0x00000000e0000000,0x00000000e8e00000)
  from space 18944K, 20% used [0x00000000e8e00000,0x00000000e91dc798,0x00000000ea080000)
  to   space 18944K, 0% used [0x00000000edc80000,0x00000000edc80000,0x00000000eef00000)
 ParOldGen       total 94208K, used 42553K [0x00000000a0000000, 0x00000000a5c00000, 0x00000000e0000000)
  object space 94208K, 45% used [0x00000000a0000000,0x00000000a298e428,0x00000000a5c00000)
 Metaspace       used 57154K, capacity 58963K, committed 59028K, reserved 1099776K
  class space    used 7701K, capacity 8127K, committed 8192K, reserved 1048576K
}
Event: 39.684 GC heap before
{Heap before GC invocations=16 (full 3):
 PSYoungGen      total 164352K, used 3953K [0x00000000e0000000, 0x00000000eef00000, 0x0000000100000000)
  eden space 145408K, 0% used [0x00000000e0000000,0x00000000e0000000,0x00000000e8e00000)
  from space 18944K, 20% used [0x00000000e8e00000,0x00000000e91dc798,0x00000000ea080000)
  to   space 18944K, 0% used [0x00000000edc80000,0x00000000edc80000,0x00000000eef00000)
 ParOldGen       total 94208K, used 42553K [0x00000000a0000000, 0x00000000a5c00000, 0x00000000e0000000)
  object space 94208K, 45% used [0x00000000a0000000,0x00000000a298e428,0x00000000a5c00000)
 Metaspace       used 57154K, capacity 58963K, committed 59028K, reserved 1099776K
  class space    used 7701K, capacity 8127K, committed 8192K, reserved 1048576K
Event: 40.437 GC heap after
Heap after GC invocations=16 (full 3):
 PSYoungGen      total 164352K, used 0K [0x00000000e0000000, 0x00000000eef00000, 0x0000000100000000)
  eden space 145408K, 0% used [0x00000000e0000000,0x00000000e0000000,0x00000000e8e00000)
  from space 18944K, 0% used [0x00000000e8e00000,0x00000000e8e00000,0x00000000ea080000)
  to   space 18944K, 0% used [0x00000000edc80000,0x00000000edc80000,0x00000000eef00000)
 ParOldGen       total 145920K, used 41569K [0x00000000a0000000, 0x00000000a8e80000, 0x00000000e0000000)
  object space 145920K, 28% used [0x00000000a0000000,0x00000000a28985e8,0x00000000a8e80000)
 Metaspace       used 57154K, capacity 58963K, committed 59028K, reserved 1099776K
  class space    used 7701K, capacity 8127K, committed 8192K, reserved 1048576K
}
Event: 80.107 GC heap before
{Heap before GC invocations=17 (full 3):
 PSYoungGen      total 164352K, used 145408K [0x00000000e0000000, 0x00000000eef00000, 0x0000000100000000)
  eden space 145408K, 100% used [0x00000000e0000000,0x00000000e8e00000,0x00000000e8e00000)
  from space 18944K, 0% used [0x00000000e8e00000,0x00000000e8e00000,0x00000000ea080000)
  to   space 18944K, 0% used [0x00000000edc80000,0x00000000edc80000,0x00000000eef00000)
 ParOldGen       total 145920K, used 41569K [0x00000000a0000000, 0x00000000a8e80000, 0x00000000e0000000)
  object space 145920K, 28% used [0x00000000a0000000,0x00000000a28985e8,0x00000000a8e80000)
 Metaspace       used 63847K, capacity 66271K, committed 66520K, reserved 1107968K
  class space    used 8376K, capacity 8959K, committed 8960K, reserved 1048576K
Event: 80.190 GC heap after
Heap after GC invocations=17 (full 3):
 PSYoungGen      total 200192K, used 14192K [0x00000000e0000000, 0x00000000eea80000, 0x0000000100000000)
  eden space 185856K, 0% used [0x00000000e0000000,0x00000000e0000000,0x00000000eb580000)
  from space 14336K, 99% used [0x00000000edc80000,0x00000000eea5c360,0x00000000eea80000)
  to   space 19968K, 0% used [0x00000000ec380000,0x00000000ec380000,0x00000000ed700000)
 ParOldGen       total 145920K, used 41577K [0x00000000a0000000, 0x00000000a8e80000, 0x00000000e0000000)
  object space 145920K, 28% used [0x00000000a0000000,0x00000000a289a5e8,0x00000000a8e80000)
 Metaspace       used 63847K, capacity 66271K, committed 66520K, reserved 1107968K
  class space    used 8376K, capacity 8959K, committed 8960K, reserved 1048576K
}

